"TimeCreated","Detection","Details"
"6/2/2025 10:27:12 AM","Potential WinRM Lateral Movement (4624)","An account was successfully logged on.    Subject:  	Security ID:		S-1-0-0  	Account Name:		-  	Account Domain:		-  	Logon ID:		0x0    Logon Information:  	Logon Type:		3  	Restricted Admin Mode:	-  	Virtual Account:		No  	Elevated Token:		Yes    Impersonation Level:		Impersonation    New Logon:  	Security ID:		S-1-5-18  	Account Name:		DC1$  	Account Domain:		BECAUSESECURITY.PRI  	Logon ID:		0x4FF287B  	Linked Logon ID:		0x0  	Network Account Name:	-  	Network Account Domain:	-  	Logon GUID:		{8cbe555f-20f5-284b-4b95-1b2f63a167c7}    Process Information:  	Process ID:		0x0  	Process Name:		-    Network Information:  	Workstation Name:	-  	Source Network Address:	::1  	Source Port:		60533    Detailed Authentication Information:  	Logon Process:		Kerberos  	Authentication Package:	Kerberos  	Transited Services:	-  	Package Name (NTLM only):	-  	Key Length:		0    This event is generated when a logon session is created. It is generated on the computer that was accessed.    The subject fields indicate the account on the local system which requested the logon. This is most commonly a service such as the Server service, or a local process such as Winlogon.exe or Services.exe.    The logon type field indicates the kind of logon that occurred. The most common types are 2 (interactive) and 3 (network).    The New Logon fields indicate the account for whom the new logon was created, i.e. the account that was logged on.    The network fields indicate where a remote logon request originated. Workstation name is not always available and may be left blank in some cases.    The impersonation level field indicates the extent to which a process in the logon session can impersonate.    The authentication information fields provide detailed information about this specific logon request.  	- Logon GUID is a unique identifier that can be used to correlate this event with a KDC event.  	- Transited services indicate which intermediate services have participated in this logon request.  	- Package name indicates which sub-protocol was used among the NTLM protocols.  	- Key length indicates the length of the generated session key. This will be 0 if no session key was requested."
"6/2/2025 10:26:59 AM","Potential WinRM Lateral Movement (4624)","An account was successfully logged on.    Subject:  	Security ID:		S-1-0-0  	Account Name:		-  	Account Domain:		-  	Logon ID:		0x0    Logon Information:  	Logon Type:		3  	Restricted Admin Mode:	-  	Virtual Account:		No  	Elevated Token:		Yes    Impersonation Level:		Delegation    New Logon:  	Security ID:		S-1-5-21-2982134692-2722354312-2289707926-500  	Account Name:		Administrator  	Account Domain:		BECAUSESECURITY.PRI  	Logon ID:		0x4FE8CE3  	Linked Logon ID:		0x0  	Network Account Name:	-  	Network Account Domain:	-  	Logon GUID:		{4a29c579-fcd1-be8d-be03-4ad3a8df3c6b}    Process Information:  	Process ID:		0x0  	Process Name:		-    Network Information:  	Workstation Name:	-  	Source Network Address:	fe80::9e86:947d:a1cd:88be  	Source Port:		60521    Detailed Authentication Information:  	Logon Process:		Kerberos  	Authentication Package:	Kerberos  	Transited Services:	-  	Package Name (NTLM only):	-  	Key Length:		0    This event is generated when a logon session is created. It is generated on the computer that was accessed.    The subject fields indicate the account on the local system which requested the logon. This is most commonly a service such as the Server service, or a local process such as Winlogon.exe or Services.exe.    The logon type field indicates the kind of logon that occurred. The most common types are 2 (interactive) and 3 (network).    The New Logon fields indicate the account for whom the new logon was created, i.e. the account that was logged on.    The network fields indicate where a remote logon request originated. Workstation name is not always available and may be left blank in some cases.    The impersonation level field indicates the extent to which a process in the logon session can impersonate.    The authentication information fields provide detailed information about this specific logon request.  	- Logon GUID is a unique identifier that can be used to correlate this event with a KDC event.  	- Transited services indicate which intermediate services have participated in this logon request.  	- Package name indicates which sub-protocol was used among the NTLM protocols.  	- Key length indicates the length of the generated session key. This will be 0 if no session key was requested."
"6/2/2025 10:26:59 AM","Potential WinRM Lateral Movement (4624)","An account was successfully logged on.    Subject:  	Security ID:		S-1-0-0  	Account Name:		-  	Account Domain:		-  	Logon ID:		0x0    Logon Information:  	Logon Type:		3  	Restricted Admin Mode:	-  	Virtual Account:		No  	Elevated Token:		Yes    Impersonation Level:		Delegation    New Logon:  	Security ID:		S-1-5-21-2982134692-2722354312-2289707926-500  	Account Name:		Administrator  	Account Domain:		BECAUSESECURITY.PRI  	Logon ID:		0x4FE8BF0  	Linked Logon ID:		0x0  	Network Account Name:	-  	Network Account Domain:	-  	Logon GUID:		{4a29c579-fcd1-be8d-be03-4ad3a8df3c6b}    Process Information:  	Process ID:		0x0  	Process Name:		-    Network Information:  	Workstation Name:	-  	Source Network Address:	fe80::9e86:947d:a1cd:88be  	Source Port:		60520    Detailed Authentication Information:  	Logon Process:		Kerberos  	Authentication Package:	Kerberos  	Transited Services:	-  	Package Name (NTLM only):	-  	Key Length:		0    This event is generated when a logon session is created. It is generated on the computer that was accessed.    The subject fields indicate the account on the local system which requested the logon. This is most commonly a service such as the Server service, or a local process such as Winlogon.exe or Services.exe.    The logon type field indicates the kind of logon that occurred. The most common types are 2 (interactive) and 3 (network).    The New Logon fields indicate the account for whom the new logon was created, i.e. the account that was logged on.    The network fields indicate where a remote logon request originated. Workstation name is not always available and may be left blank in some cases.    The impersonation level field indicates the extent to which a process in the logon session can impersonate.    The authentication information fields provide detailed information about this specific logon request.  	- Logon GUID is a unique identifier that can be used to correlate this event with a KDC event.  	- Transited services indicate which intermediate services have participated in this logon request.  	- Package name indicates which sub-protocol was used among the NTLM protocols.  	- Key length indicates the length of the generated session key. This will be 0 if no session key was requested."
"6/2/2025 10:26:59 AM","Potential WinRM Lateral Movement (4624)","An account was successfully logged on.    Subject:  	Security ID:		S-1-0-0  	Account Name:		-  	Account Domain:		-  	Logon ID:		0x0    Logon Information:  	Logon Type:		3  	Restricted Admin Mode:	-  	Virtual Account:		No  	Elevated Token:		Yes    Impersonation Level:		Delegation    New Logon:  	Security ID:		S-1-5-21-2982134692-2722354312-2289707926-500  	Account Name:		Administrator  	Account Domain:		BECAUSESECURITY.PRI  	Logon ID:		0x4FE8BD9  	Linked Logon ID:		0x0  	Network Account Name:	-  	Network Account Domain:	-  	Logon GUID:		{4a29c579-fcd1-be8d-be03-4ad3a8df3c6b}    Process Information:  	Process ID:		0x0  	Process Name:		-    Network Information:  	Workstation Name:	-  	Source Network Address:	fe80::9e86:947d:a1cd:88be  	Source Port:		60517    Detailed Authentication Information:  	Logon Process:		Kerberos  	Authentication Package:	Kerberos  	Transited Services:	-  	Package Name (NTLM only):	-  	Key Length:		0    This event is generated when a logon session is created. It is generated on the computer that was accessed.    The subject fields indicate the account on the local system which requested the logon. This is most commonly a service such as the Server service, or a local process such as Winlogon.exe or Services.exe.    The logon type field indicates the kind of logon that occurred. The most common types are 2 (interactive) and 3 (network).    The New Logon fields indicate the account for whom the new logon was created, i.e. the account that was logged on.    The network fields indicate where a remote logon request originated. Workstation name is not always available and may be left blank in some cases.    The impersonation level field indicates the extent to which a process in the logon session can impersonate.    The authentication information fields provide detailed information about this specific logon request.  	- Logon GUID is a unique identifier that can be used to correlate this event with a KDC event.  	- Transited services indicate which intermediate services have participated in this logon request.  	- Package name indicates which sub-protocol was used among the NTLM protocols.  	- Key length indicates the length of the generated session key. This will be 0 if no session key was requested."
"6/2/2025 10:26:58 AM","Potential WinRM Lateral Movement (4624)","An account was successfully logged on.    Subject:  	Security ID:		S-1-0-0  	Account Name:		-  	Account Domain:		-  	Logon ID:		0x0    Logon Information:  	Logon Type:		3  	Restricted Admin Mode:	-  	Virtual Account:		No  	Elevated Token:		Yes    Impersonation Level:		Delegation    New Logon:  	Security ID:		S-1-5-21-2982134692-2722354312-2289707926-500  	Account Name:		Administrator  	Account Domain:		BECAUSESECURITY.PRI  	Logon ID:		0x4FE7B31  	Linked Logon ID:		0x0  	Network Account Name:	-  	Network Account Domain:	-  	Logon GUID:		{4a29c579-fcd1-be8d-be03-4ad3a8df3c6b}    Process Information:  	Process ID:		0x0  	Process Name:		-    Network Information:  	Workstation Name:	-  	Source Network Address:	fe80::9e86:947d:a1cd:88be  	Source Port:		60519    Detailed Authentication Information:  	Logon Process:		Kerberos  	Authentication Package:	Kerberos  	Transited Services:	-  	Package Name (NTLM only):	-  	Key Length:		0    This event is generated when a logon session is created. It is generated on the computer that was accessed.    The subject fields indicate the account on the local system which requested the logon. This is most commonly a service such as the Server service, or a local process such as Winlogon.exe or Services.exe.    The logon type field indicates the kind of logon that occurred. The most common types are 2 (interactive) and 3 (network).    The New Logon fields indicate the account for whom the new logon was created, i.e. the account that was logged on.    The network fields indicate where a remote logon request originated. Workstation name is not always available and may be left blank in some cases.    The impersonation level field indicates the extent to which a process in the logon session can impersonate.    The authentication information fields provide detailed information about this specific logon request.  	- Logon GUID is a unique identifier that can be used to correlate this event with a KDC event.  	- Transited services indicate which intermediate services have participated in this logon request.  	- Package name indicates which sub-protocol was used among the NTLM protocols.  	- Key length indicates the length of the generated session key. This will be 0 if no session key was requested."
"6/2/2025 10:26:58 AM","Potential WinRM Lateral Movement (4624)","An account was successfully logged on.    Subject:  	Security ID:		S-1-0-0  	Account Name:		-  	Account Domain:		-  	Logon ID:		0x0    Logon Information:  	Logon Type:		3  	Restricted Admin Mode:	-  	Virtual Account:		No  	Elevated Token:		Yes    Impersonation Level:		Delegation    New Logon:  	Security ID:		S-1-5-21-2982134692-2722354312-2289707926-500  	Account Name:		Administrator  	Account Domain:		BECAUSESECURITY.PRI  	Logon ID:		0x4FE7222  	Linked Logon ID:		0x0  	Network Account Name:	-  	Network Account Domain:	-  	Logon GUID:		{4a29c579-fcd1-be8d-be03-4ad3a8df3c6b}    Process Information:  	Process ID:		0x0  	Process Name:		-    Network Information:  	Workstation Name:	-  	Source Network Address:	fe80::9e86:947d:a1cd:88be  	Source Port:		60518    Detailed Authentication Information:  	Logon Process:		Kerberos  	Authentication Package:	Kerberos  	Transited Services:	-  	Package Name (NTLM only):	-  	Key Length:		0    This event is generated when a logon session is created. It is generated on the computer that was accessed.    The subject fields indicate the account on the local system which requested the logon. This is most commonly a service such as the Server service, or a local process such as Winlogon.exe or Services.exe.    The logon type field indicates the kind of logon that occurred. The most common types are 2 (interactive) and 3 (network).    The New Logon fields indicate the account for whom the new logon was created, i.e. the account that was logged on.    The network fields indicate where a remote logon request originated. Workstation name is not always available and may be left blank in some cases.    The impersonation level field indicates the extent to which a process in the logon session can impersonate.    The authentication information fields provide detailed information about this specific logon request.  	- Logon GUID is a unique identifier that can be used to correlate this event with a KDC event.  	- Transited services indicate which intermediate services have participated in this logon request.  	- Package name indicates which sub-protocol was used among the NTLM protocols.  	- Key length indicates the length of the generated session key. This will be 0 if no session key was requested."
"6/2/2025 10:26:58 AM","Potential WinRM Lateral Movement (4624)","An account was successfully logged on.    Subject:  	Security ID:		S-1-0-0  	Account Name:		-  	Account Domain:		-  	Logon ID:		0x0    Logon Information:  	Logon Type:		3  	Restricted Admin Mode:	-  	Virtual Account:		No  	Elevated Token:		Yes    Impersonation Level:		Delegation    New Logon:  	Security ID:		S-1-5-21-2982134692-2722354312-2289707926-500  	Account Name:		Administrator  	Account Domain:		BECAUSESECURITY.PRI  	Logon ID:		0x4FE68A8  	Linked Logon ID:		0x0  	Network Account Name:	-  	Network Account Domain:	-  	Logon GUID:		{4a29c579-fcd1-be8d-be03-4ad3a8df3c6b}    Process Information:  	Process ID:		0x0  	Process Name:		-    Network Information:  	Workstation Name:	-  	Source Network Address:	fe80::9e86:947d:a1cd:88be  	Source Port:		60517    Detailed Authentication Information:  	Logon Process:		Kerberos  	Authentication Package:	Kerberos  	Transited Services:	-  	Package Name (NTLM only):	-  	Key Length:		0    This event is generated when a logon session is created. It is generated on the computer that was accessed.    The subject fields indicate the account on the local system which requested the logon. This is most commonly a service such as the Server service, or a local process such as Winlogon.exe or Services.exe.    The logon type field indicates the kind of logon that occurred. The most common types are 2 (interactive) and 3 (network).    The New Logon fields indicate the account for whom the new logon was created, i.e. the account that was logged on.    The network fields indicate where a remote logon request originated. Workstation name is not always available and may be left blank in some cases.    The impersonation level field indicates the extent to which a process in the logon session can impersonate.    The authentication information fields provide detailed information about this specific logon request.  	- Logon GUID is a unique identifier that can be used to correlate this event with a KDC event.  	- Transited services indicate which intermediate services have participated in this logon request.  	- Package name indicates which sub-protocol was used among the NTLM protocols.  	- Key length indicates the length of the generated session key. This will be 0 if no session key was requested."
"6/2/2025 10:26:58 AM","Potential WinRM Lateral Movement (4624)","An account was successfully logged on.    Subject:  	Security ID:		S-1-0-0  	Account Name:		-  	Account Domain:		-  	Logon ID:		0x0    Logon Information:  	Logon Type:		3  	Restricted Admin Mode:	-  	Virtual Account:		No  	Elevated Token:		Yes    Impersonation Level:		Impersonation    New Logon:  	Security ID:		S-1-5-18  	Account Name:		DC1$  	Account Domain:		BECAUSESECURITY.PRI  	Logon ID:		0x4FE61D4  	Linked Logon ID:		0x0  	Network Account Name:	-  	Network Account Domain:	-  	Logon GUID:		{8cbe555f-20f5-284b-4b95-1b2f63a167c7}    Process Information:  	Process ID:		0x0  	Process Name:		-    Network Information:  	Workstation Name:	-  	Source Network Address:	::1  	Source Port:		60509    Detailed Authentication Information:  	Logon Process:		Kerberos  	Authentication Package:	Kerberos  	Transited Services:	-  	Package Name (NTLM only):	-  	Key Length:		0    This event is generated when a logon session is created. It is generated on the computer that was accessed.    The subject fields indicate the account on the local system which requested the logon. This is most commonly a service such as the Server service, or a local process such as Winlogon.exe or Services.exe.    The logon type field indicates the kind of logon that occurred. The most common types are 2 (interactive) and 3 (network).    The New Logon fields indicate the account for whom the new logon was created, i.e. the account that was logged on.    The network fields indicate where a remote logon request originated. Workstation name is not always available and may be left blank in some cases.    The impersonation level field indicates the extent to which a process in the logon session can impersonate.    The authentication information fields provide detailed information about this specific logon request.  	- Logon GUID is a unique identifier that can be used to correlate this event with a KDC event.  	- Transited services indicate which intermediate services have participated in this logon request.  	- Package name indicates which sub-protocol was used among the NTLM protocols.  	- Key length indicates the length of the generated session key. This will be 0 if no session key was requested."
"6/2/2025 10:26:54 AM","Potential WinRM Lateral Movement (4624)","An account was successfully logged on.    Subject:  	Security ID:		S-1-0-0  	Account Name:		-  	Account Domain:		-  	Logon ID:		0x0    Logon Information:  	Logon Type:		3  	Restricted Admin Mode:	-  	Virtual Account:		No  	Elevated Token:		Yes    Impersonation Level:		Impersonation    New Logon:  	Security ID:		S-1-5-18  	Account Name:		DC1$  	Account Domain:		BECAUSESECURITY.PRI  	Logon ID:		0x4FE5138  	Linked Logon ID:		0x0  	Network Account Name:	-  	Network Account Domain:	-  	Logon GUID:		{8cbe555f-20f5-284b-4b95-1b2f63a167c7}    Process Information:  	Process ID:		0x0  	Process Name:		-    Network Information:  	Workstation Name:	-  	Source Network Address:	fdb4:ca4a:bb5f:d79b:d05:8dd0:bc99:eddc  	Source Port:		60507    Detailed Authentication Information:  	Logon Process:		Kerberos  	Authentication Package:	Kerberos  	Transited Services:	-  	Package Name (NTLM only):	-  	Key Length:		0    This event is generated when a logon session is created. It is generated on the computer that was accessed.    The subject fields indicate the account on the local system which requested the logon. This is most commonly a service such as the Server service, or a local process such as Winlogon.exe or Services.exe.    The logon type field indicates the kind of logon that occurred. The most common types are 2 (interactive) and 3 (network).    The New Logon fields indicate the account for whom the new logon was created, i.e. the account that was logged on.    The network fields indicate where a remote logon request originated. Workstation name is not always available and may be left blank in some cases.    The impersonation level field indicates the extent to which a process in the logon session can impersonate.    The authentication information fields provide detailed information about this specific logon request.  	- Logon GUID is a unique identifier that can be used to correlate this event with a KDC event.  	- Transited services indicate which intermediate services have participated in this logon request.  	- Package name indicates which sub-protocol was used among the NTLM protocols.  	- Key length indicates the length of the generated session key. This will be 0 if no session key was requested."
"6/2/2025 10:26:54 AM","Potential WinRM Lateral Movement (4624)","An account was successfully logged on.    Subject:  	Security ID:		S-1-0-0  	Account Name:		-  	Account Domain:		-  	Logon ID:		0x0    Logon Information:  	Logon Type:		3  	Restricted Admin Mode:	-  	Virtual Account:		No  	Elevated Token:		Yes    Impersonation Level:		Impersonation    New Logon:  	Security ID:		S-1-5-18  	Account Name:		DC1$  	Account Domain:		BECAUSESECURITY.PRI  	Logon ID:		0x4FE50E8  	Linked Logon ID:		0x0  	Network Account Name:	-  	Network Account Domain:	-  	Logon GUID:		{cc47b2c1-01b8-a762-57aa-bd7f5cb067d9}    Process Information:  	Process ID:		0x0  	Process Name:		-    Network Information:  	Workstation Name:	-  	Source Network Address:	::1  	Source Port:		0    Detailed Authentication Information:  	Logon Process:		Kerberos  	Authentication Package:	Kerberos  	Transited Services:	-  	Package Name (NTLM only):	-  	Key Length:		0    This event is generated when a logon session is created. It is generated on the computer that was accessed.    The subject fields indicate the account on the local system which requested the logon. This is most commonly a service such as the Server service, or a local process such as Winlogon.exe or Services.exe.    The logon type field indicates the kind of logon that occurred. The most common types are 2 (interactive) and 3 (network).    The New Logon fields indicate the account for whom the new logon was created, i.e. the account that was logged on.    The network fields indicate where a remote logon request originated. Workstation name is not always available and may be left blank in some cases.    The impersonation level field indicates the extent to which a process in the logon session can impersonate.    The authentication information fields provide detailed information about this specific logon request.  	- Logon GUID is a unique identifier that can be used to correlate this event with a KDC event.  	- Transited services indicate which intermediate services have participated in this logon request.  	- Package name indicates which sub-protocol was used among the NTLM protocols.  	- Key length indicates the length of the generated session key. This will be 0 if no session key was requested."
"6/2/2025 10:26:54 AM","Potential WinRM Lateral Movement (4624)","An account was successfully logged on.    Subject:  	Security ID:		S-1-0-0  	Account Name:		-  	Account Domain:		-  	Logon ID:		0x0    Logon Information:  	Logon Type:		3  	Restricted Admin Mode:	-  	Virtual Account:		No  	Elevated Token:		Yes    Impersonation Level:		Delegation    New Logon:  	Security ID:		S-1-5-18  	Account Name:		DC1$  	Account Domain:		BECAUSESECURITY.PRI  	Logon ID:		0x4FE4FED  	Linked Logon ID:		0x0  	Network Account Name:	-  	Network Account Domain:	-  	Logon GUID:		{cc47b2c1-01b8-a762-57aa-bd7f5cb067d9}    Process Information:  	Process ID:		0x0  	Process Name:		-    Network Information:  	Workstation Name:	-  	Source Network Address:	fe80::9e86:947d:a1cd:88be  	Source Port:		60506    Detailed Authentication Information:  	Logon Process:		Kerberos  	Authentication Package:	Kerberos  	Transited Services:	-  	Package Name (NTLM only):	-  	Key Length:		0    This event is generated when a logon session is created. It is generated on the computer that was accessed.    The subject fields indicate the account on the local system which requested the logon. This is most commonly a service such as the Server service, or a local process such as Winlogon.exe or Services.exe.    The logon type field indicates the kind of logon that occurred. The most common types are 2 (interactive) and 3 (network).    The New Logon fields indicate the account for whom the new logon was created, i.e. the account that was logged on.    The network fields indicate where a remote logon request originated. Workstation name is not always available and may be left blank in some cases.    The impersonation level field indicates the extent to which a process in the logon session can impersonate.    The authentication information fields provide detailed information about this specific logon request.  	- Logon GUID is a unique identifier that can be used to correlate this event with a KDC event.  	- Transited services indicate which intermediate services have participated in this logon request.  	- Package name indicates which sub-protocol was used among the NTLM protocols.  	- Key length indicates the length of the generated session key. This will be 0 if no session key was requested."
"6/2/2025 10:26:53 AM","Potential WinRM Lateral Movement (4624)","An account was successfully logged on.    Subject:  	Security ID:		S-1-0-0  	Account Name:		-  	Account Domain:		-  	Logon ID:		0x0    Logon Information:  	Logon Type:		3  	Restricted Admin Mode:	-  	Virtual Account:		No  	Elevated Token:		Yes    Impersonation Level:		Impersonation    New Logon:  	Security ID:		S-1-5-18  	Account Name:		DC1$  	Account Domain:		BECAUSESECURITY.PRI  	Logon ID:		0x4FE4F70  	Linked Logon ID:		0x0  	Network Account Name:	-  	Network Account Domain:	-  	Logon GUID:		{8cbe555f-20f5-284b-4b95-1b2f63a167c7}    Process Information:  	Process ID:		0x0  	Process Name:		-    Network Information:  	Workstation Name:	-  	Source Network Address:	fe80::9e86:947d:a1cd:88be  	Source Port:		60505    Detailed Authentication Information:  	Logon Process:		Kerberos  	Authentication Package:	Kerberos  	Transited Services:	-  	Package Name (NTLM only):	-  	Key Length:		0    This event is generated when a logon session is created. It is generated on the computer that was accessed.    The subject fields indicate the account on the local system which requested the logon. This is most commonly a service such as the Server service, or a local process such as Winlogon.exe or Services.exe.    The logon type field indicates the kind of logon that occurred. The most common types are 2 (interactive) and 3 (network).    The New Logon fields indicate the account for whom the new logon was created, i.e. the account that was logged on.    The network fields indicate where a remote logon request originated. Workstation name is not always available and may be left blank in some cases.    The impersonation level field indicates the extent to which a process in the logon session can impersonate.    The authentication information fields provide detailed information about this specific logon request.  	- Logon GUID is a unique identifier that can be used to correlate this event with a KDC event.  	- Transited services indicate which intermediate services have participated in this logon request.  	- Package name indicates which sub-protocol was used among the NTLM protocols.  	- Key length indicates the length of the generated session key. This will be 0 if no session key was requested."
"6/2/2025 10:26:12 AM","Potential WinRM Lateral Movement (4624)","An account was successfully logged on.    Subject:  	Security ID:		S-1-0-0  	Account Name:		-  	Account Domain:		-  	Logon ID:		0x0    Logon Information:  	Logon Type:		3  	Restricted Admin Mode:	-  	Virtual Account:		No  	Elevated Token:		Yes    Impersonation Level:		Impersonation    New Logon:  	Security ID:		S-1-5-18  	Account Name:		DC1$  	Account Domain:		BECAUSESECURITY.PRI  	Logon ID:		0x4FD30FD  	Linked Logon ID:		0x0  	Network Account Name:	-  	Network Account Domain:	-  	Logon GUID:		{8cbe555f-20f5-284b-4b95-1b2f63a167c7}    Process Information:  	Process ID:		0x0  	Process Name:		-    Network Information:  	Workstation Name:	-  	Source Network Address:	::1  	Source Port:		60500    Detailed Authentication Information:  	Logon Process:		Kerberos  	Authentication Package:	Kerberos  	Transited Services:	-  	Package Name (NTLM only):	-  	Key Length:		0    This event is generated when a logon session is created. It is generated on the computer that was accessed.    The subject fields indicate the account on the local system which requested the logon. This is most commonly a service such as the Server service, or a local process such as Winlogon.exe or Services.exe.    The logon type field indicates the kind of logon that occurred. The most common types are 2 (interactive) and 3 (network).    The New Logon fields indicate the account for whom the new logon was created, i.e. the account that was logged on.    The network fields indicate where a remote logon request originated. Workstation name is not always available and may be left blank in some cases.    The impersonation level field indicates the extent to which a process in the logon session can impersonate.    The authentication information fields provide detailed information about this specific logon request.  	- Logon GUID is a unique identifier that can be used to correlate this event with a KDC event.  	- Transited services indicate which intermediate services have participated in this logon request.  	- Package name indicates which sub-protocol was used among the NTLM protocols.  	- Key length indicates the length of the generated session key. This will be 0 if no session key was requested."
"6/2/2025 10:25:12 AM","Potential WinRM Lateral Movement (4624)","An account was successfully logged on.    Subject:  	Security ID:		S-1-0-0  	Account Name:		-  	Account Domain:		-  	Logon ID:		0x0    Logon Information:  	Logon Type:		3  	Restricted Admin Mode:	-  	Virtual Account:		No  	Elevated Token:		Yes    Impersonation Level:		Impersonation    New Logon:  	Security ID:		S-1-5-18  	Account Name:		DC1$  	Account Domain:		BECAUSESECURITY.PRI  	Logon ID:		0x4FC5E9B  	Linked Logon ID:		0x0  	Network Account Name:	-  	Network Account Domain:	-  	Logon GUID:		{8cbe555f-20f5-284b-4b95-1b2f63a167c7}    Process Information:  	Process ID:		0x0  	Process Name:		-    Network Information:  	Workstation Name:	-  	Source Network Address:	::1  	Source Port:		60491    Detailed Authentication Information:  	Logon Process:		Kerberos  	Authentication Package:	Kerberos  	Transited Services:	-  	Package Name (NTLM only):	-  	Key Length:		0    This event is generated when a logon session is created. It is generated on the computer that was accessed.    The subject fields indicate the account on the local system which requested the logon. This is most commonly a service such as the Server service, or a local process such as Winlogon.exe or Services.exe.    The logon type field indicates the kind of logon that occurred. The most common types are 2 (interactive) and 3 (network).    The New Logon fields indicate the account for whom the new logon was created, i.e. the account that was logged on.    The network fields indicate where a remote logon request originated. Workstation name is not always available and may be left blank in some cases.    The impersonation level field indicates the extent to which a process in the logon session can impersonate.    The authentication information fields provide detailed information about this specific logon request.  	- Logon GUID is a unique identifier that can be used to correlate this event with a KDC event.  	- Transited services indicate which intermediate services have participated in this logon request.  	- Package name indicates which sub-protocol was used among the NTLM protocols.  	- Key length indicates the length of the generated session key. This will be 0 if no session key was requested."
"6/2/2025 10:24:12 AM","Potential WinRM Lateral Movement (4624)","An account was successfully logged on.    Subject:  	Security ID:		S-1-0-0  	Account Name:		-  	Account Domain:		-  	Logon ID:		0x0    Logon Information:  	Logon Type:		3  	Restricted Admin Mode:	-  	Virtual Account:		No  	Elevated Token:		Yes    Impersonation Level:		Impersonation    New Logon:  	Security ID:		S-1-5-18  	Account Name:		DC1$  	Account Domain:		BECAUSESECURITY.PRI  	Logon ID:		0x4FBDD65  	Linked Logon ID:		0x0  	Network Account Name:	-  	Network Account Domain:	-  	Logon GUID:		{8cbe555f-20f5-284b-4b95-1b2f63a167c7}    Process Information:  	Process ID:		0x0  	Process Name:		-    Network Information:  	Workstation Name:	-  	Source Network Address:	::1  	Source Port:		60481    Detailed Authentication Information:  	Logon Process:		Kerberos  	Authentication Package:	Kerberos  	Transited Services:	-  	Package Name (NTLM only):	-  	Key Length:		0    This event is generated when a logon session is created. It is generated on the computer that was accessed.    The subject fields indicate the account on the local system which requested the logon. This is most commonly a service such as the Server service, or a local process such as Winlogon.exe or Services.exe.    The logon type field indicates the kind of logon that occurred. The most common types are 2 (interactive) and 3 (network).    The New Logon fields indicate the account for whom the new logon was created, i.e. the account that was logged on.    The network fields indicate where a remote logon request originated. Workstation name is not always available and may be left blank in some cases.    The impersonation level field indicates the extent to which a process in the logon session can impersonate.    The authentication information fields provide detailed information about this specific logon request.  	- Logon GUID is a unique identifier that can be used to correlate this event with a KDC event.  	- Transited services indicate which intermediate services have participated in this logon request.  	- Package name indicates which sub-protocol was used among the NTLM protocols.  	- Key length indicates the length of the generated session key. This will be 0 if no session key was requested."
"6/2/2025 10:23:47 AM","Potential WinRM Lateral Movement (4624)","An account was successfully logged on.    Subject:  	Security ID:		S-1-0-0  	Account Name:		-  	Account Domain:		-  	Logon ID:		0x0    Logon Information:  	Logon Type:		3  	Restricted Admin Mode:	-  	Virtual Account:		No  	Elevated Token:		Yes    Impersonation Level:		Impersonation    New Logon:  	Security ID:		S-1-5-18  	Account Name:		DC1$  	Account Domain:		BECAUSESECURITY.PRI  	Logon ID:		0x4FBAB03  	Linked Logon ID:		0x0  	Network Account Name:	-  	Network Account Domain:	-  	Logon GUID:		{8cbe555f-20f5-284b-4b95-1b2f63a167c7}    Process Information:  	Process ID:		0x0  	Process Name:		-    Network Information:  	Workstation Name:	-  	Source Network Address:	fe80::9e86:947d:a1cd:88be  	Source Port:		60480    Detailed Authentication Information:  	Logon Process:		Kerberos  	Authentication Package:	Kerberos  	Transited Services:	-  	Package Name (NTLM only):	-  	Key Length:		0    This event is generated when a logon session is created. It is generated on the computer that was accessed.    The subject fields indicate the account on the local system which requested the logon. This is most commonly a service such as the Server service, or a local process such as Winlogon.exe or Services.exe.    The logon type field indicates the kind of logon that occurred. The most common types are 2 (interactive) and 3 (network).    The New Logon fields indicate the account for whom the new logon was created, i.e. the account that was logged on.    The network fields indicate where a remote logon request originated. Workstation name is not always available and may be left blank in some cases.    The impersonation level field indicates the extent to which a process in the logon session can impersonate.    The authentication information fields provide detailed information about this specific logon request.  	- Logon GUID is a unique identifier that can be used to correlate this event with a KDC event.  	- Transited services indicate which intermediate services have participated in this logon request.  	- Package name indicates which sub-protocol was used among the NTLM protocols.  	- Key length indicates the length of the generated session key. This will be 0 if no session key was requested."
"6/2/2025 10:23:47 AM","Potential WinRM Lateral Movement (4624)","An account was successfully logged on.    Subject:  	Security ID:		S-1-0-0  	Account Name:		-  	Account Domain:		-  	Logon ID:		0x0    Logon Information:  	Logon Type:		3  	Restricted Admin Mode:	-  	Virtual Account:		No  	Elevated Token:		Yes    Impersonation Level:		Impersonation    New Logon:  	Security ID:		S-1-5-18  	Account Name:		DC1$  	Account Domain:		BECAUSESECURITY.PRI  	Logon ID:		0x4FBAA77  	Linked Logon ID:		0x0  	Network Account Name:	-  	Network Account Domain:	-  	Logon GUID:		{8cbe555f-20f5-284b-4b95-1b2f63a167c7}    Process Information:  	Process ID:		0x0  	Process Name:		-    Network Information:  	Workstation Name:	-  	Source Network Address:	fe80::9e86:947d:a1cd:88be  	Source Port:		60479    Detailed Authentication Information:  	Logon Process:		Kerberos  	Authentication Package:	Kerberos  	Transited Services:	-  	Package Name (NTLM only):	-  	Key Length:		0    This event is generated when a logon session is created. It is generated on the computer that was accessed.    The subject fields indicate the account on the local system which requested the logon. This is most commonly a service such as the Server service, or a local process such as Winlogon.exe or Services.exe.    The logon type field indicates the kind of logon that occurred. The most common types are 2 (interactive) and 3 (network).    The New Logon fields indicate the account for whom the new logon was created, i.e. the account that was logged on.    The network fields indicate where a remote logon request originated. Workstation name is not always available and may be left blank in some cases.    The impersonation level field indicates the extent to which a process in the logon session can impersonate.    The authentication information fields provide detailed information about this specific logon request.  	- Logon GUID is a unique identifier that can be used to correlate this event with a KDC event.  	- Transited services indicate which intermediate services have participated in this logon request.  	- Package name indicates which sub-protocol was used among the NTLM protocols.  	- Key length indicates the length of the generated session key. This will be 0 if no session key was requested."
"6/2/2025 10:23:12 AM","Potential WinRM Lateral Movement (4624)","An account was successfully logged on.    Subject:  	Security ID:		S-1-0-0  	Account Name:		-  	Account Domain:		-  	Logon ID:		0x0    Logon Information:  	Logon Type:		3  	Restricted Admin Mode:	-  	Virtual Account:		No  	Elevated Token:		Yes    Impersonation Level:		Impersonation    New Logon:  	Security ID:		S-1-5-18  	Account Name:		DC1$  	Account Domain:		BECAUSESECURITY.PRI  	Logon ID:		0x4FB598F  	Linked Logon ID:		0x0  	Network Account Name:	-  	Network Account Domain:	-  	Logon GUID:		{8cbe555f-20f5-284b-4b95-1b2f63a167c7}    Process Information:  	Process ID:		0x0  	Process Name:		-    Network Information:  	Workstation Name:	-  	Source Network Address:	::1  	Source Port:		60477    Detailed Authentication Information:  	Logon Process:		Kerberos  	Authentication Package:	Kerberos  	Transited Services:	-  	Package Name (NTLM only):	-  	Key Length:		0    This event is generated when a logon session is created. It is generated on the computer that was accessed.    The subject fields indicate the account on the local system which requested the logon. This is most commonly a service such as the Server service, or a local process such as Winlogon.exe or Services.exe.    The logon type field indicates the kind of logon that occurred. The most common types are 2 (interactive) and 3 (network).    The New Logon fields indicate the account for whom the new logon was created, i.e. the account that was logged on.    The network fields indicate where a remote logon request originated. Workstation name is not always available and may be left blank in some cases.    The impersonation level field indicates the extent to which a process in the logon session can impersonate.    The authentication information fields provide detailed information about this specific logon request.  	- Logon GUID is a unique identifier that can be used to correlate this event with a KDC event.  	- Transited services indicate which intermediate services have participated in this logon request.  	- Package name indicates which sub-protocol was used among the NTLM protocols.  	- Key length indicates the length of the generated session key. This will be 0 if no session key was requested."
"6/2/2025 10:22:12 AM","Potential WinRM Lateral Movement (4624)","An account was successfully logged on.    Subject:  	Security ID:		S-1-0-0  	Account Name:		-  	Account Domain:		-  	Logon ID:		0x0    Logon Information:  	Logon Type:		3  	Restricted Admin Mode:	-  	Virtual Account:		No  	Elevated Token:		Yes    Impersonation Level:		Impersonation    New Logon:  	Security ID:		S-1-5-18  	Account Name:		DC1$  	Account Domain:		BECAUSESECURITY.PRI  	Logon ID:		0x4FADB8A  	Linked Logon ID:		0x0  	Network Account Name:	-  	Network Account Domain:	-  	Logon GUID:		{8cbe555f-20f5-284b-4b95-1b2f63a167c7}    Process Information:  	Process ID:		0x0  	Process Name:		-    Network Information:  	Workstation Name:	-  	Source Network Address:	::1  	Source Port:		60476    Detailed Authentication Information:  	Logon Process:		Kerberos  	Authentication Package:	Kerberos  	Transited Services:	-  	Package Name (NTLM only):	-  	Key Length:		0    This event is generated when a logon session is created. It is generated on the computer that was accessed.    The subject fields indicate the account on the local system which requested the logon. This is most commonly a service such as the Server service, or a local process such as Winlogon.exe or Services.exe.    The logon type field indicates the kind of logon that occurred. The most common types are 2 (interactive) and 3 (network).    The New Logon fields indicate the account for whom the new logon was created, i.e. the account that was logged on.    The network fields indicate where a remote logon request originated. Workstation name is not always available and may be left blank in some cases.    The impersonation level field indicates the extent to which a process in the logon session can impersonate.    The authentication information fields provide detailed information about this specific logon request.  	- Logon GUID is a unique identifier that can be used to correlate this event with a KDC event.  	- Transited services indicate which intermediate services have participated in this logon request.  	- Package name indicates which sub-protocol was used among the NTLM protocols.  	- Key length indicates the length of the generated session key. This will be 0 if no session key was requested."
"6/2/2025 10:21:53 AM","Potential WinRM Lateral Movement (4624)","An account was successfully logged on.    Subject:  	Security ID:		S-1-0-0  	Account Name:		-  	Account Domain:		-  	Logon ID:		0x0    Logon Information:  	Logon Type:		3  	Restricted Admin Mode:	-  	Virtual Account:		No  	Elevated Token:		Yes    Impersonation Level:		Impersonation    New Logon:  	Security ID:		S-1-5-18  	Account Name:		DC1$  	Account Domain:		BECAUSESECURITY.PRI  	Logon ID:		0x4FAB22B  	Linked Logon ID:		0x0  	Network Account Name:	-  	Network Account Domain:	-  	Logon GUID:		{8cbe555f-20f5-284b-4b95-1b2f63a167c7}    Process Information:  	Process ID:		0x0  	Process Name:		-    Network Information:  	Workstation Name:	-  	Source Network Address:	fdb4:ca4a:bb5f:d79b:d05:8dd0:bc99:eddc  	Source Port:		60475    Detailed Authentication Information:  	Logon Process:		Kerberos  	Authentication Package:	Kerberos  	Transited Services:	-  	Package Name (NTLM only):	-  	Key Length:		0    This event is generated when a logon session is created. It is generated on the computer that was accessed.    The subject fields indicate the account on the local system which requested the logon. This is most commonly a service such as the Server service, or a local process such as Winlogon.exe or Services.exe.    The logon type field indicates the kind of logon that occurred. The most common types are 2 (interactive) and 3 (network).    The New Logon fields indicate the account for whom the new logon was created, i.e. the account that was logged on.    The network fields indicate where a remote logon request originated. Workstation name is not always available and may be left blank in some cases.    The impersonation level field indicates the extent to which a process in the logon session can impersonate.    The authentication information fields provide detailed information about this specific logon request.  	- Logon GUID is a unique identifier that can be used to correlate this event with a KDC event.  	- Transited services indicate which intermediate services have participated in this logon request.  	- Package name indicates which sub-protocol was used among the NTLM protocols.  	- Key length indicates the length of the generated session key. This will be 0 if no session key was requested."
"6/2/2025 10:21:53 AM","Potential WinRM Lateral Movement (4624)","An account was successfully logged on.    Subject:  	Security ID:		S-1-0-0  	Account Name:		-  	Account Domain:		-  	Logon ID:		0x0    Logon Information:  	Logon Type:		3  	Restricted Admin Mode:	-  	Virtual Account:		No  	Elevated Token:		Yes    Impersonation Level:		Impersonation    New Logon:  	Security ID:		S-1-5-18  	Account Name:		DC1$  	Account Domain:		BECAUSESECURITY.PRI  	Logon ID:		0x4FAB1DA  	Linked Logon ID:		0x0  	Network Account Name:	-  	Network Account Domain:	-  	Logon GUID:		{cc47b2c1-01b8-a762-57aa-bd7f5cb067d9}    Process Information:  	Process ID:		0x0  	Process Name:		-    Network Information:  	Workstation Name:	-  	Source Network Address:	::1  	Source Port:		0    Detailed Authentication Information:  	Logon Process:		Kerberos  	Authentication Package:	Kerberos  	Transited Services:	-  	Package Name (NTLM only):	-  	Key Length:		0    This event is generated when a logon session is created. It is generated on the computer that was accessed.    The subject fields indicate the account on the local system which requested the logon. This is most commonly a service such as the Server service, or a local process such as Winlogon.exe or Services.exe.    The logon type field indicates the kind of logon that occurred. The most common types are 2 (interactive) and 3 (network).    The New Logon fields indicate the account for whom the new logon was created, i.e. the account that was logged on.    The network fields indicate where a remote logon request originated. Workstation name is not always available and may be left blank in some cases.    The impersonation level field indicates the extent to which a process in the logon session can impersonate.    The authentication information fields provide detailed information about this specific logon request.  	- Logon GUID is a unique identifier that can be used to correlate this event with a KDC event.  	- Transited services indicate which intermediate services have participated in this logon request.  	- Package name indicates which sub-protocol was used among the NTLM protocols.  	- Key length indicates the length of the generated session key. This will be 0 if no session key was requested."
