"6/2/2025 10:21:53 AM","Potential WinRM Lateral Movement (4624)","An account was successfully logged on.    Subject:  	Security ID:		S-1-0-0  	Account Name:		-  	Account Domain:		-  	Logon ID:		0x0    Logon Information:  	Logon Type:		3  	Restricted Admin Mode:	-  	Virtual Account:		No  	Elevated Token:		Yes    Impersonation Level:		Delegation    New Logon:  	Security ID:		S-1-5-18  	Account Name:		DC1$  	Account Domain:		BECAUSESECURITY.PRI  	Logon ID:		0x4FAB0E6  	Linked Logon ID:		0x0  	Network Account Name:	-  	Network Account Domain:	-  	Logon GUID:		{cc47b2c1-01b8-a762-57aa-bd7f5cb067d9}    Process Information:  	Process ID:		0x0  	Process Name:		-    Network Information:  	Workstation Name:	-  	Source Network Address:	fe80::9e86:947d:a1cd:88be  	Source Port:		60474    Detailed Authentication Information:  	Logon Process:		Kerberos  	Authentication Package:	Kerberos  	Transited Services:	-  	Package Name (NTLM only):	-  	Key Length:		0    This event is generated when a logon session is created. It is generated on the computer that was accessed.    The subject fields indicate the account on the local system which requested the logon. This is most commonly a service such as the Server service, or a local process such as Winlogon.exe or Services.exe.    The logon type field indicates the kind of logon that occurred. The most common types are 2 (interactive) and 3 (network).    The New Logon fields indicate the account for whom the new logon was created, i.e. the account that was logged on.    The network fields indicate where a remote logon request originated. Workstation name is not always available and may be left blank in some cases.    The impersonation level field indicates the extent to which a process in the logon session can impersonate.    The authentication information fields provide detailed information about this specific logon request.  	- Logon GUID is a unique identifier that can be used to correlate this event with a KDC event.  	- Transited services indicate which intermediate services have participated in this logon request.  	- Package name indicates which sub-protocol was used among the NTLM protocols.  	- Key length indicates the length of the generated session key. This will be 0 if no session key was requested."
"6/2/2025 10:21:53 AM","Potential WinRM Lateral Movement (4624)","An account was successfully logged on.    Subject:  	Security ID:		S-1-0-0  	Account Name:		-  	Account Domain:		-  	Logon ID:		0x0    Logon Information:  	Logon Type:		3  	Restricted Admin Mode:	-  	Virtual Account:		No  	Elevated Token:		Yes    Impersonation Level:		Impersonation    New Logon:  	Security ID:		S-1-5-18  	Account Name:		DC1$  	Account Domain:		BECAUSESECURITY.PRI  	Logon ID:		0x4FAB053  	Linked Logon ID:		0x0  	Network Account Name:	-  	Network Account Domain:	-  	Logon GUID:		{8cbe555f-20f5-284b-4b95-1b2f63a167c7}    Process Information:  	Process ID:		0x0  	Process Name:		-    Network Information:  	Workstation Name:	-  	Source Network Address:	fe80::9e86:947d:a1cd:88be  	Source Port:		60473    Detailed Authentication Information:  	Logon Process:		Kerberos  	Authentication Package:	Kerberos  	Transited Services:	-  	Package Name (NTLM only):	-  	Key Length:		0    This event is generated when a logon session is created. It is generated on the computer that was accessed.    The subject fields indicate the account on the local system which requested the logon. This is most commonly a service such as the Server service, or a local process such as Winlogon.exe or Services.exe.    The logon type field indicates the kind of logon that occurred. The most common types are 2 (interactive) and 3 (network).    The New Logon fields indicate the account for whom the new logon was created, i.e. the account that was logged on.    The network fields indicate where a remote logon request originated. Workstation name is not always available and may be left blank in some cases.    The impersonation level field indicates the extent to which a process in the logon session can impersonate.    The authentication information fields provide detailed information about this specific logon request.  	- Logon GUID is a unique identifier that can be used to correlate this event with a KDC event.  	- Transited services indicate which intermediate services have participated in this logon request.  	- Package name indicates which sub-protocol was used among the NTLM protocols.  	- Key length indicates the length of the generated session key. This will be 0 if no session key was requested."
"6/2/2025 10:21:12 AM","Potential WinRM Lateral Movement (4624)","An account was successfully logged on.    Subject:  	Security ID:		S-1-0-0  	Account Name:		-  	Account Domain:		-  	Logon ID:		0x0    Logon Information:  	Logon Type:		3  	Restricted Admin Mode:	-  	Virtual Account:		No  	Elevated Token:		Yes    Impersonation Level:		Impersonation    New Logon:  	Security ID:		S-1-5-18  	Account Name:		DC1$  	Account Domain:		BECAUSESECURITY.PRI  	Logon ID:		0x4FA584B  	Linked Logon ID:		0x0  	Network Account Name:	-  	Network Account Domain:	-  	Logon GUID:		{8cbe555f-20f5-284b-4b95-1b2f63a167c7}    Process Information:  	Process ID:		0x0  	Process Name:		-    Network Information:  	Workstation Name:	-  	Source Network Address:	::1  	Source Port:		60471    Detailed Authentication Information:  	Logon Process:		Kerberos  	Authentication Package:	Kerberos  	Transited Services:	-  	Package Name (NTLM only):	-  	Key Length:		0    This event is generated when a logon session is created. It is generated on the computer that was accessed.    The subject fields indicate the account on the local system which requested the logon. This is most commonly a service such as the Server service, or a local process such as Winlogon.exe or Services.exe.    The logon type field indicates the kind of logon that occurred. The most common types are 2 (interactive) and 3 (network).    The New Logon fields indicate the account for whom the new logon was created, i.e. the account that was logged on.    The network fields indicate where a remote logon request originated. Workstation name is not always available and may be left blank in some cases.    The impersonation level field indicates the extent to which a process in the logon session can impersonate.    The authentication information fields provide detailed information about this specific logon request.  	- Logon GUID is a unique identifier that can be used to correlate this event with a KDC event.  	- Transited services indicate which intermediate services have participated in this logon request.  	- Package name indicates which sub-protocol was used among the NTLM protocols.  	- Key length indicates the length of the generated session key. This will be 0 if no session key was requested."
"6/2/2025 10:20:22 AM","Potential WinRM Lateral Movement (4624)","An account was successfully logged on.    Subject:  	Security ID:		S-1-0-0  	Account Name:		-  	Account Domain:		-  	Logon ID:		0x0    Logon Information:  	Logon Type:		3  	Restricted Admin Mode:	-  	Virtual Account:		No  	Elevated Token:		Yes    Impersonation Level:		Delegation    New Logon:  	Security ID:		S-1-5-18  	Account Name:		DC1$  	Account Domain:		BECAUSESECURITY.PRI  	Logon ID:		0x4F9E7EE  	Linked Logon ID:		0x0  	Network Account Name:	-  	Network Account Domain:	-  	Logon GUID:		{9eb22d8c-6c4e-322e-d14f-54313124e514}    Process Information:  	Process ID:		0x0  	Process Name:		-    Network Information:  	Workstation Name:	-  	Source Network Address:	fe80::9e86:947d:a1cd:88be  	Source Port:		60470    Detailed Authentication Information:  	Logon Process:		Kerberos  	Authentication Package:	Kerberos  	Transited Services:	-  	Package Name (NTLM only):	-  	Key Length:		0    This event is generated when a logon session is created. It is generated on the computer that was accessed.    The subject fields indicate the account on the local system which requested the logon. This is most commonly a service such as the Server service, or a local process such as Winlogon.exe or Services.exe.    The logon type field indicates the kind of logon that occurred. The most common types are 2 (interactive) and 3 (network).    The New Logon fields indicate the account for whom the new logon was created, i.e. the account that was logged on.    The network fields indicate where a remote logon request originated. Workstation name is not always available and may be left blank in some cases.    The impersonation level field indicates the extent to which a process in the logon session can impersonate.    The authentication information fields provide detailed information about this specific logon request.  	- Logon GUID is a unique identifier that can be used to correlate this event with a KDC event.  	- Transited services indicate which intermediate services have participated in this logon request.  	- Package name indicates which sub-protocol was used among the NTLM protocols.  	- Key length indicates the length of the generated session key. This will be 0 if no session key was requested."
"6/2/2025 10:20:12 AM","Potential WinRM Lateral Movement (4624)","An account was successfully logged on.    Subject:  	Security ID:		S-1-0-0  	Account Name:		-  	Account Domain:		-  	Logon ID:		0x0    Logon Information:  	Logon Type:		3  	Restricted Admin Mode:	-  	Virtual Account:		No  	Elevated Token:		Yes    Impersonation Level:		Impersonation    New Logon:  	Security ID:		S-1-5-18  	Account Name:		DC1$  	Account Domain:		BECAUSESECURITY.PRI  	Logon ID:		0x4F9D4D2  	Linked Logon ID:		0x0  	Network Account Name:	-  	Network Account Domain:	-  	Logon GUID:		{8cbe555f-20f5-284b-4b95-1b2f63a167c7}    Process Information:  	Process ID:		0x0  	Process Name:		-    Network Information:  	Workstation Name:	-  	Source Network Address:	::1  	Source Port:		60468    Detailed Authentication Information:  	Logon Process:		Kerberos  	Authentication Package:	Kerberos  	Transited Services:	-  	Package Name (NTLM only):	-  	Key Length:		0    This event is generated when a logon session is created. It is generated on the computer that was accessed.    The subject fields indicate the account on the local system which requested the logon. This is most commonly a service such as the Server service, or a local process such as Winlogon.exe or Services.exe.    The logon type field indicates the kind of logon that occurred. The most common types are 2 (interactive) and 3 (network).    The New Logon fields indicate the account for whom the new logon was created, i.e. the account that was logged on.    The network fields indicate where a remote logon request originated. Workstation name is not always available and may be left blank in some cases.    The impersonation level field indicates the extent to which a process in the logon session can impersonate.    The authentication information fields provide detailed information about this specific logon request.  	- Logon GUID is a unique identifier that can be used to correlate this event with a KDC event.  	- Transited services indicate which intermediate services have participated in this logon request.  	- Package name indicates which sub-protocol was used among the NTLM protocols.  	- Key length indicates the length of the generated session key. This will be 0 if no session key was requested."
"6/2/2025 10:19:12 AM","Potential WinRM Lateral Movement (4624)","An account was successfully logged on.    Subject:  	Security ID:		S-1-0-0  	Account Name:		-  	Account Domain:		-  	Logon ID:		0x0    Logon Information:  	Logon Type:		3  	Restricted Admin Mode:	-  	Virtual Account:		No  	Elevated Token:		Yes    Impersonation Level:		Impersonation    New Logon:  	Security ID:		S-1-5-18  	Account Name:		DC1$  	Account Domain:		BECAUSESECURITY.PRI  	Logon ID:		0x4F952B1  	Linked Logon ID:		0x0  	Network Account Name:	-  	Network Account Domain:	-  	Logon GUID:		{8cbe555f-20f5-284b-4b95-1b2f63a167c7}    Process Information:  	Process ID:		0x0  	Process Name:		-    Network Information:  	Workstation Name:	-  	Source Network Address:	::1  	Source Port:		60452    Detailed Authentication Information:  	Logon Process:		Kerberos  	Authentication Package:	Kerberos  	Transited Services:	-  	Package Name (NTLM only):	-  	Key Length:		0    This event is generated when a logon session is created. It is generated on the computer that was accessed.    The subject fields indicate the account on the local system which requested the logon. This is most commonly a service such as the Server service, or a local process such as Winlogon.exe or Services.exe.    The logon type field indicates the kind of logon that occurred. The most common types are 2 (interactive) and 3 (network).    The New Logon fields indicate the account for whom the new logon was created, i.e. the account that was logged on.    The network fields indicate where a remote logon request originated. Workstation name is not always available and may be left blank in some cases.    The impersonation level field indicates the extent to which a process in the logon session can impersonate.    The authentication information fields provide detailed information about this specific logon request.  	- Logon GUID is a unique identifier that can be used to correlate this event with a KDC event.  	- Transited services indicate which intermediate services have participated in this logon request.  	- Package name indicates which sub-protocol was used among the NTLM protocols.  	- Key length indicates the length of the generated session key. This will be 0 if no session key was requested."
"6/2/2025 10:18:46 AM","Potential WinRM Lateral Movement (4624)","An account was successfully logged on.    Subject:  	Security ID:		S-1-0-0  	Account Name:		-  	Account Domain:		-  	Logon ID:		0x0    Logon Information:  	Logon Type:		3  	Restricted Admin Mode:	-  	Virtual Account:		No  	Elevated Token:		Yes    Impersonation Level:		Impersonation    New Logon:  	Security ID:		S-1-5-18  	Account Name:		DC1$  	Account Domain:		BECAUSESECURITY.PRI  	Logon ID:		0x4F91E6A  	Linked Logon ID:		0x0  	Network Account Name:	-  	Network Account Domain:	-  	Logon GUID:		{8cbe555f-20f5-284b-4b95-1b2f63a167c7}    Process Information:  	Process ID:		0x0  	Process Name:		-    Network Information:  	Workstation Name:	-  	Source Network Address:	fe80::9e86:947d:a1cd:88be  	Source Port:		60451    Detailed Authentication Information:  	Logon Process:		Kerberos  	Authentication Package:	Kerberos  	Transited Services:	-  	Package Name (NTLM only):	-  	Key Length:		0    This event is generated when a logon session is created. It is generated on the computer that was accessed.    The subject fields indicate the account on the local system which requested the logon. This is most commonly a service such as the Server service, or a local process such as Winlogon.exe or Services.exe.    The logon type field indicates the kind of logon that occurred. The most common types are 2 (interactive) and 3 (network).    The New Logon fields indicate the account for whom the new logon was created, i.e. the account that was logged on.    The network fields indicate where a remote logon request originated. Workstation name is not always available and may be left blank in some cases.    The impersonation level field indicates the extent to which a process in the logon session can impersonate.    The authentication information fields provide detailed information about this specific logon request.  	- Logon GUID is a unique identifier that can be used to correlate this event with a KDC event.  	- Transited services indicate which intermediate services have participated in this logon request.  	- Package name indicates which sub-protocol was used among the NTLM protocols.  	- Key length indicates the length of the generated session key. This will be 0 if no session key was requested."
"6/2/2025 10:18:46 AM","Potential WinRM Lateral Movement (4624)","An account was successfully logged on.    Subject:  	Security ID:		S-1-0-0  	Account Name:		-  	Account Domain:		-  	Logon ID:		0x0    Logon Information:  	Logon Type:		3  	Restricted Admin Mode:	-  	Virtual Account:		No  	Elevated Token:		Yes    Impersonation Level:		Impersonation    New Logon:  	Security ID:		S-1-5-18  	Account Name:		DC1$  	Account Domain:		BECAUSESECURITY.PRI  	Logon ID:		0x4F91DDE  	Linked Logon ID:		0x0  	Network Account Name:	-  	Network Account Domain:	-  	Logon GUID:		{8cbe555f-20f5-284b-4b95-1b2f63a167c7}    Process Information:  	Process ID:		0x0  	Process Name:		-    Network Information:  	Workstation Name:	-  	Source Network Address:	fe80::9e86:947d:a1cd:88be  	Source Port:		60450    Detailed Authentication Information:  	Logon Process:		Kerberos  	Authentication Package:	Kerberos  	Transited Services:	-  	Package Name (NTLM only):	-  	Key Length:		0    This event is generated when a logon session is created. It is generated on the computer that was accessed.    The subject fields indicate the account on the local system which requested the logon. This is most commonly a service such as the Server service, or a local process such as Winlogon.exe or Services.exe.    The logon type field indicates the kind of logon that occurred. The most common types are 2 (interactive) and 3 (network).    The New Logon fields indicate the account for whom the new logon was created, i.e. the account that was logged on.    The network fields indicate where a remote logon request originated. Workstation name is not always available and may be left blank in some cases.    The impersonation level field indicates the extent to which a process in the logon session can impersonate.    The authentication information fields provide detailed information about this specific logon request.  	- Logon GUID is a unique identifier that can be used to correlate this event with a KDC event.  	- Transited services indicate which intermediate services have participated in this logon request.  	- Package name indicates which sub-protocol was used among the NTLM protocols.  	- Key length indicates the length of the generated session key. This will be 0 if no session key was requested."
"6/2/2025 10:18:12 AM","Potential WinRM Lateral Movement (4624)","An account was successfully logged on.    Subject:  	Security ID:		S-1-0-0  	Account Name:		-  	Account Domain:		-  	Logon ID:		0x0    Logon Information:  	Logon Type:		3  	Restricted Admin Mode:	-  	Virtual Account:		No  	Elevated Token:		Yes    Impersonation Level:		Impersonation    New Logon:  	Security ID:		S-1-5-18  	Account Name:		DC1$  	Account Domain:		BECAUSESECURITY.PRI  	Logon ID:		0x4F8CA9C  	Linked Logon ID:		0x0  	Network Account Name:	-  	Network Account Domain:	-  	Logon GUID:		{8cbe555f-20f5-284b-4b95-1b2f63a167c7}    Process Information:  	Process ID:		0x0  	Process Name:		-    Network Information:  	Workstation Name:	-  	Source Network Address:	::1  	Source Port:		60448    Detailed Authentication Information:  	Logon Process:		Kerberos  	Authentication Package:	Kerberos  	Transited Services:	-  	Package Name (NTLM only):	-  	Key Length:		0    This event is generated when a logon session is created. It is generated on the computer that was accessed.    The subject fields indicate the account on the local system which requested the logon. This is most commonly a service such as the Server service, or a local process such as Winlogon.exe or Services.exe.    The logon type field indicates the kind of logon that occurred. The most common types are 2 (interactive) and 3 (network).    The New Logon fields indicate the account for whom the new logon was created, i.e. the account that was logged on.    The network fields indicate where a remote logon request originated. Workstation name is not always available and may be left blank in some cases.    The impersonation level field indicates the extent to which a process in the logon session can impersonate.    The authentication information fields provide detailed information about this specific logon request.  	- Logon GUID is a unique identifier that can be used to correlate this event with a KDC event.  	- Transited services indicate which intermediate services have participated in this logon request.  	- Package name indicates which sub-protocol was used among the NTLM protocols.  	- Key length indicates the length of the generated session key. This will be 0 if no session key was requested."
"6/2/2025 10:17:12 AM","Potential WinRM Lateral Movement (4624)","An account was successfully logged on.    Subject:  	Security ID:		S-1-0-0  	Account Name:		-  	Account Domain:		-  	Logon ID:		0x0    Logon Information:  	Logon Type:		3  	Restricted Admin Mode:	-  	Virtual Account:		No  	Elevated Token:		Yes    Impersonation Level:		Impersonation    New Logon:  	Security ID:		S-1-5-18  	Account Name:		DC1$  	Account Domain:		BECAUSESECURITY.PRI  	Logon ID:		0x4F84D89  	Linked Logon ID:		0x0  	Network Account Name:	-  	Network Account Domain:	-  	Logon GUID:		{8cbe555f-20f5-284b-4b95-1b2f63a167c7}    Process Information:  	Process ID:		0x0  	Process Name:		-    Network Information:  	Workstation Name:	-  	Source Network Address:	::1  	Source Port:		60447    Detailed Authentication Information:  	Logon Process:		Kerberos  	Authentication Package:	Kerberos  	Transited Services:	-  	Package Name (NTLM only):	-  	Key Length:		0    This event is generated when a logon session is created. It is generated on the computer that was accessed.    The subject fields indicate the account on the local system which requested the logon. This is most commonly a service such as the Server service, or a local process such as Winlogon.exe or Services.exe.    The logon type field indicates the kind of logon that occurred. The most common types are 2 (interactive) and 3 (network).    The New Logon fields indicate the account for whom the new logon was created, i.e. the account that was logged on.    The network fields indicate where a remote logon request originated. Workstation name is not always available and may be left blank in some cases.    The impersonation level field indicates the extent to which a process in the logon session can impersonate.    The authentication information fields provide detailed information about this specific logon request.  	- Logon GUID is a unique identifier that can be used to correlate this event with a KDC event.  	- Transited services indicate which intermediate services have participated in this logon request.  	- Package name indicates which sub-protocol was used among the NTLM protocols.  	- Key length indicates the length of the generated session key. This will be 0 if no session key was requested."
"6/2/2025 10:16:53 AM","Potential WinRM Lateral Movement (4624)","An account was successfully logged on.    Subject:  	Security ID:		S-1-0-0  	Account Name:		-  	Account Domain:		-  	Logon ID:		0x0    Logon Information:  	Logon Type:		3  	Restricted Admin Mode:	-  	Virtual Account:		No  	Elevated Token:		Yes    Impersonation Level:		Impersonation    New Logon:  	Security ID:		S-1-5-18  	Account Name:		DC1$  	Account Domain:		BECAUSESECURITY.PRI  	Logon ID:		0x4F8241A  	Linked Logon ID:		0x0  	Network Account Name:	-  	Network Account Domain:	-  	Logon GUID:		{8cbe555f-20f5-284b-4b95-1b2f63a167c7}    Process Information:  	Process ID:		0x0  	Process Name:		-    Network Information:  	Workstation Name:	-  	Source Network Address:	fdb4:ca4a:bb5f:d79b:d05:8dd0:bc99:eddc  	Source Port:		60446    Detailed Authentication Information:  	Logon Process:		Kerberos  	Authentication Package:	Kerberos  	Transited Services:	-  	Package Name (NTLM only):	-  	Key Length:		0    This event is generated when a logon session is created. It is generated on the computer that was accessed.    The subject fields indicate the account on the local system which requested the logon. This is most commonly a service such as the Server service, or a local process such as Winlogon.exe or Services.exe.    The logon type field indicates the kind of logon that occurred. The most common types are 2 (interactive) and 3 (network).    The New Logon fields indicate the account for whom the new logon was created, i.e. the account that was logged on.    The network fields indicate where a remote logon request originated. Workstation name is not always available and may be left blank in some cases.    The impersonation level field indicates the extent to which a process in the logon session can impersonate.    The authentication information fields provide detailed information about this specific logon request.  	- Logon GUID is a unique identifier that can be used to correlate this event with a KDC event.  	- Transited services indicate which intermediate services have participated in this logon request.  	- Package name indicates which sub-protocol was used among the NTLM protocols.  	- Key length indicates the length of the generated session key. This will be 0 if no session key was requested."
"6/2/2025 10:16:53 AM","Potential WinRM Lateral Movement (4624)","An account was successfully logged on.    Subject:  	Security ID:		S-1-0-0  	Account Name:		-  	Account Domain:		-  	Logon ID:		0x0    Logon Information:  	Logon Type:		3  	Restricted Admin Mode:	-  	Virtual Account:		No  	Elevated Token:		Yes    Impersonation Level:		Impersonation    New Logon:  	Security ID:		S-1-5-18  	Account Name:		DC1$  	Account Domain:		BECAUSESECURITY.PRI  	Logon ID:		0x4F823CA  	Linked Logon ID:		0x0  	Network Account Name:	-  	Network Account Domain:	-  	Logon GUID:		{cc47b2c1-01b8-a762-57aa-bd7f5cb067d9}    Process Information:  	Process ID:		0x0  	Process Name:		-    Network Information:  	Workstation Name:	-  	Source Network Address:	::1  	Source Port:		0    Detailed Authentication Information:  	Logon Process:		Kerberos  	Authentication Package:	Kerberos  	Transited Services:	-  	Package Name (NTLM only):	-  	Key Length:		0    This event is generated when a logon session is created. It is generated on the computer that was accessed.    The subject fields indicate the account on the local system which requested the logon. This is most commonly a service such as the Server service, or a local process such as Winlogon.exe or Services.exe.    The logon type field indicates the kind of logon that occurred. The most common types are 2 (interactive) and 3 (network).    The New Logon fields indicate the account for whom the new logon was created, i.e. the account that was logged on.    The network fields indicate where a remote logon request originated. Workstation name is not always available and may be left blank in some cases.    The impersonation level field indicates the extent to which a process in the logon session can impersonate.    The authentication information fields provide detailed information about this specific logon request.  	- Logon GUID is a unique identifier that can be used to correlate this event with a KDC event.  	- Transited services indicate which intermediate services have participated in this logon request.  	- Package name indicates which sub-protocol was used among the NTLM protocols.  	- Key length indicates the length of the generated session key. This will be 0 if no session key was requested."
"6/2/2025 10:16:53 AM","Potential WinRM Lateral Movement (4624)","An account was successfully logged on.    Subject:  	Security ID:		S-1-0-0  	Account Name:		-  	Account Domain:		-  	Logon ID:		0x0    Logon Information:  	Logon Type:		3  	Restricted Admin Mode:	-  	Virtual Account:		No  	Elevated Token:		Yes    Impersonation Level:		Delegation    New Logon:  	Security ID:		S-1-5-18  	Account Name:		DC1$  	Account Domain:		BECAUSESECURITY.PRI  	Logon ID:		0x4F822DD  	Linked Logon ID:		0x0  	Network Account Name:	-  	Network Account Domain:	-  	Logon GUID:		{cc47b2c1-01b8-a762-57aa-bd7f5cb067d9}    Process Information:  	Process ID:		0x0  	Process Name:		-    Network Information:  	Workstation Name:	-  	Source Network Address:	fe80::9e86:947d:a1cd:88be  	Source Port:		60445    Detailed Authentication Information:  	Logon Process:		Kerberos  	Authentication Package:	Kerberos  	Transited Services:	-  	Package Name (NTLM only):	-  	Key Length:		0    This event is generated when a logon session is created. It is generated on the computer that was accessed.    The subject fields indicate the account on the local system which requested the logon. This is most commonly a service such as the Server service, or a local process such as Winlogon.exe or Services.exe.    The logon type field indicates the kind of logon that occurred. The most common types are 2 (interactive) and 3 (network).    The New Logon fields indicate the account for whom the new logon was created, i.e. the account that was logged on.    The network fields indicate where a remote logon request originated. Workstation name is not always available and may be left blank in some cases.    The impersonation level field indicates the extent to which a process in the logon session can impersonate.    The authentication information fields provide detailed information about this specific logon request.  	- Logon GUID is a unique identifier that can be used to correlate this event with a KDC event.  	- Transited services indicate which intermediate services have participated in this logon request.  	- Package name indicates which sub-protocol was used among the NTLM protocols.  	- Key length indicates the length of the generated session key. This will be 0 if no session key was requested."
"6/2/2025 10:16:53 AM","Potential WinRM Lateral Movement (4624)","An account was successfully logged on.    Subject:  	Security ID:		S-1-0-0  	Account Name:		-  	Account Domain:		-  	Logon ID:		0x0    Logon Information:  	Logon Type:		3  	Restricted Admin Mode:	-  	Virtual Account:		No  	Elevated Token:		Yes    Impersonation Level:		Impersonation    New Logon:  	Security ID:		S-1-5-18  	Account Name:		DC1$  	Account Domain:		BECAUSESECURITY.PRI  	Logon ID:		0x4F82253  	Linked Logon ID:		0x0  	Network Account Name:	-  	Network Account Domain:	-  	Logon GUID:		{8cbe555f-20f5-284b-4b95-1b2f63a167c7}    Process Information:  	Process ID:		0x0  	Process Name:		-    Network Information:  	Workstation Name:	-  	Source Network Address:	fe80::9e86:947d:a1cd:88be  	Source Port:		60444    Detailed Authentication Information:  	Logon Process:		Kerberos  	Authentication Package:	Kerberos  	Transited Services:	-  	Package Name (NTLM only):	-  	Key Length:		0    This event is generated when a logon session is created. It is generated on the computer that was accessed.    The subject fields indicate the account on the local system which requested the logon. This is most commonly a service such as the Server service, or a local process such as Winlogon.exe or Services.exe.    The logon type field indicates the kind of logon that occurred. The most common types are 2 (interactive) and 3 (network).    The New Logon fields indicate the account for whom the new logon was created, i.e. the account that was logged on.    The network fields indicate where a remote logon request originated. Workstation name is not always available and may be left blank in some cases.    The impersonation level field indicates the extent to which a process in the logon session can impersonate.    The authentication information fields provide detailed information about this specific logon request.  	- Logon GUID is a unique identifier that can be used to correlate this event with a KDC event.  	- Transited services indicate which intermediate services have participated in this logon request.  	- Package name indicates which sub-protocol was used among the NTLM protocols.  	- Key length indicates the length of the generated session key. This will be 0 if no session key was requested."
"6/2/2025 10:16:12 AM","Potential WinRM Lateral Movement (4624)","An account was successfully logged on.    Subject:  	Security ID:		S-1-0-0  	Account Name:		-  	Account Domain:		-  	Logon ID:		0x0    Logon Information:  	Logon Type:		3  	Restricted Admin Mode:	-  	Virtual Account:		No  	Elevated Token:		Yes    Impersonation Level:		Impersonation    New Logon:  	Security ID:		S-1-5-18  	Account Name:		DC1$  	Account Domain:		BECAUSESECURITY.PRI  	Logon ID:		0x4F7CBB4  	Linked Logon ID:		0x0  	Network Account Name:	-  	Network Account Domain:	-  	Logon GUID:		{8cbe555f-20f5-284b-4b95-1b2f63a167c7}    Process Information:  	Process ID:		0x0  	Process Name:		-    Network Information:  	Workstation Name:	-  	Source Network Address:	::1  	Source Port:		60443    Detailed Authentication Information:  	Logon Process:		Kerberos  	Authentication Package:	Kerberos  	Transited Services:	-  	Package Name (NTLM only):	-  	Key Length:		0    This event is generated when a logon session is created. It is generated on the computer that was accessed.    The subject fields indicate the account on the local system which requested the logon. This is most commonly a service such as the Server service, or a local process such as Winlogon.exe or Services.exe.    The logon type field indicates the kind of logon that occurred. The most common types are 2 (interactive) and 3 (network).    The New Logon fields indicate the account for whom the new logon was created, i.e. the account that was logged on.    The network fields indicate where a remote logon request originated. Workstation name is not always available and may be left blank in some cases.    The impersonation level field indicates the extent to which a process in the logon session can impersonate.    The authentication information fields provide detailed information about this specific logon request.  	- Logon GUID is a unique identifier that can be used to correlate this event with a KDC event.  	- Transited services indicate which intermediate services have participated in this logon request.  	- Package name indicates which sub-protocol was used among the NTLM protocols.  	- Key length indicates the length of the generated session key. This will be 0 if no session key was requested."
"6/2/2025 10:15:12 AM","Potential WinRM Lateral Movement (4624)","An account was successfully logged on.    Subject:  	Security ID:		S-1-0-0  	Account Name:		-  	Account Domain:		-  	Logon ID:		0x0    Logon Information:  	Logon Type:		3  	Restricted Admin Mode:	-  	Virtual Account:		No  	Elevated Token:		Yes    Impersonation Level:		Impersonation    New Logon:  	Security ID:		S-1-5-18  	Account Name:		DC1$  	Account Domain:		BECAUSESECURITY.PRI  	Logon ID:		0x4F74B61  	Linked Logon ID:		0x0  	Network Account Name:	-  	Network Account Domain:	-  	Logon GUID:		{8cbe555f-20f5-284b-4b95-1b2f63a167c7}    Process Information:  	Process ID:		0x0  	Process Name:		-    Network Information:  	Workstation Name:	-  	Source Network Address:	::1  	Source Port:		60441    Detailed Authentication Information:  	Logon Process:		Kerberos  	Authentication Package:	Kerberos  	Transited Services:	-  	Package Name (NTLM only):	-  	Key Length:		0    This event is generated when a logon session is created. It is generated on the computer that was accessed.    The subject fields indicate the account on the local system which requested the logon. This is most commonly a service such as the Server service, or a local process such as Winlogon.exe or Services.exe.    The logon type field indicates the kind of logon that occurred. The most common types are 2 (interactive) and 3 (network).    The New Logon fields indicate the account for whom the new logon was created, i.e. the account that was logged on.    The network fields indicate where a remote logon request originated. Workstation name is not always available and may be left blank in some cases.    The impersonation level field indicates the extent to which a process in the logon session can impersonate.    The authentication information fields provide detailed information about this specific logon request.  	- Logon GUID is a unique identifier that can be used to correlate this event with a KDC event.  	- Transited services indicate which intermediate services have participated in this logon request.  	- Package name indicates which sub-protocol was used among the NTLM protocols.  	- Key length indicates the length of the generated session key. This will be 0 if no session key was requested."
"6/2/2025 10:14:12 AM","Potential WinRM Lateral Movement (4624)","An account was successfully logged on.    Subject:  	Security ID:		S-1-0-0  	Account Name:		-  	Account Domain:		-  	Logon ID:		0x0    Logon Information:  	Logon Type:		3  	Restricted Admin Mode:	-  	Virtual Account:		No  	Elevated Token:		Yes    Impersonation Level:		Impersonation    New Logon:  	Security ID:		S-1-5-18  	Account Name:		DC1$  	Account Domain:		BECAUSESECURITY.PRI  	Logon ID:		0x4F6C889  	Linked Logon ID:		0x0  	Network Account Name:	-  	Network Account Domain:	-  	Logon GUID:		{8cbe555f-20f5-284b-4b95-1b2f63a167c7}    Process Information:  	Process ID:		0x0  	Process Name:		-    Network Information:  	Workstation Name:	-  	Source Network Address:	::1  	Source Port:		60428    Detailed Authentication Information:  	Logon Process:		Kerberos  	Authentication Package:	Kerberos  	Transited Services:	-  	Package Name (NTLM only):	-  	Key Length:		0    This event is generated when a logon session is created. It is generated on the computer that was accessed.    The subject fields indicate the account on the local system which requested the logon. This is most commonly a service such as the Server service, or a local process such as Winlogon.exe or Services.exe.    The logon type field indicates the kind of logon that occurred. The most common types are 2 (interactive) and 3 (network).    The New Logon fields indicate the account for whom the new logon was created, i.e. the account that was logged on.    The network fields indicate where a remote logon request originated. Workstation name is not always available and may be left blank in some cases.    The impersonation level field indicates the extent to which a process in the logon session can impersonate.    The authentication information fields provide detailed information about this specific logon request.  	- Logon GUID is a unique identifier that can be used to correlate this event with a KDC event.  	- Transited services indicate which intermediate services have participated in this logon request.  	- Package name indicates which sub-protocol was used among the NTLM protocols.  	- Key length indicates the length of the generated session key. This will be 0 if no session key was requested."
"6/2/2025 10:13:45 AM","Potential WinRM Lateral Movement (4624)","An account was successfully logged on.    Subject:  	Security ID:		S-1-0-0  	Account Name:		-  	Account Domain:		-  	Logon ID:		0x0    Logon Information:  	Logon Type:		3  	Restricted Admin Mode:	-  	Virtual Account:		No  	Elevated Token:		Yes    Impersonation Level:		Impersonation    New Logon:  	Security ID:		S-1-5-18  	Account Name:		DC1$  	Account Domain:		BECAUSESECURITY.PRI  	Logon ID:		0x4F69457  	Linked Logon ID:		0x0  	Network Account Name:	-  	Network Account Domain:	-  	Logon GUID:		{8cbe555f-20f5-284b-4b95-1b2f63a167c7}    Process Information:  	Process ID:		0x0  	Process Name:		-    Network Information:  	Workstation Name:	-  	Source Network Address:	fe80::9e86:947d:a1cd:88be  	Source Port:		60427    Detailed Authentication Information:  	Logon Process:		Kerberos  	Authentication Package:	Kerberos  	Transited Services:	-  	Package Name (NTLM only):	-  	Key Length:		0    This event is generated when a logon session is created. It is generated on the computer that was accessed.    The subject fields indicate the account on the local system which requested the logon. This is most commonly a service such as the Server service, or a local process such as Winlogon.exe or Services.exe.    The logon type field indicates the kind of logon that occurred. The most common types are 2 (interactive) and 3 (network).    The New Logon fields indicate the account for whom the new logon was created, i.e. the account that was logged on.    The network fields indicate where a remote logon request originated. Workstation name is not always available and may be left blank in some cases.    The impersonation level field indicates the extent to which a process in the logon session can impersonate.    The authentication information fields provide detailed information about this specific logon request.  	- Logon GUID is a unique identifier that can be used to correlate this event with a KDC event.  	- Transited services indicate which intermediate services have participated in this logon request.  	- Package name indicates which sub-protocol was used among the NTLM protocols.  	- Key length indicates the length of the generated session key. This will be 0 if no session key was requested."
"6/2/2025 10:13:45 AM","Potential WinRM Lateral Movement (4624)","An account was successfully logged on.    Subject:  	Security ID:		S-1-0-0  	Account Name:		-  	Account Domain:		-  	Logon ID:		0x0    Logon Information:  	Logon Type:		3  	Restricted Admin Mode:	-  	Virtual Account:		No  	Elevated Token:		Yes    Impersonation Level:		Impersonation    New Logon:  	Security ID:		S-1-5-18  	Account Name:		DC1$  	Account Domain:		BECAUSESECURITY.PRI  	Logon ID:		0x4F693D5  	Linked Logon ID:		0x0  	Network Account Name:	-  	Network Account Domain:	-  	Logon GUID:		{8cbe555f-20f5-284b-4b95-1b2f63a167c7}    Process Information:  	Process ID:		0x0  	Process Name:		-    Network Information:  	Workstation Name:	-  	Source Network Address:	fe80::9e86:947d:a1cd:88be  	Source Port:		60426    Detailed Authentication Information:  	Logon Process:		Kerberos  	Authentication Package:	Kerberos  	Transited Services:	-  	Package Name (NTLM only):	-  	Key Length:		0    This event is generated when a logon session is created. It is generated on the computer that was accessed.    The subject fields indicate the account on the local system which requested the logon. This is most commonly a service such as the Server service, or a local process such as Winlogon.exe or Services.exe.    The logon type field indicates the kind of logon that occurred. The most common types are 2 (interactive) and 3 (network).    The New Logon fields indicate the account for whom the new logon was created, i.e. the account that was logged on.    The network fields indicate where a remote logon request originated. Workstation name is not always available and may be left blank in some cases.    The impersonation level field indicates the extent to which a process in the logon session can impersonate.    The authentication information fields provide detailed information about this specific logon request.  	- Logon GUID is a unique identifier that can be used to correlate this event with a KDC event.  	- Transited services indicate which intermediate services have participated in this logon request.  	- Package name indicates which sub-protocol was used among the NTLM protocols.  	- Key length indicates the length of the generated session key. This will be 0 if no session key was requested."
"6/2/2025 10:13:12 AM","Potential WinRM Lateral Movement (4624)","An account was successfully logged on.    Subject:  	Security ID:		S-1-0-0  	Account Name:		-  	Account Domain:		-  	Logon ID:		0x0    Logon Information:  	Logon Type:		3  	Restricted Admin Mode:	-  	Virtual Account:		No  	Elevated Token:		Yes    Impersonation Level:		Impersonation    New Logon:  	Security ID:		S-1-5-18  	Account Name:		DC1$  	Account Domain:		BECAUSESECURITY.PRI  	Logon ID:		0x4F6461D  	Linked Logon ID:		0x0  	Network Account Name:	-  	Network Account Domain:	-  	Logon GUID:		{8cbe555f-20f5-284b-4b95-1b2f63a167c7}    Process Information:  	Process ID:		0x0  	Process Name:		-    Network Information:  	Workstation Name:	-  	Source Network Address:	::1  	Source Port:		60423    Detailed Authentication Information:  	Logon Process:		Kerberos  	Authentication Package:	Kerberos  	Transited Services:	-  	Package Name (NTLM only):	-  	Key Length:		0    This event is generated when a logon session is created. It is generated on the computer that was accessed.    The subject fields indicate the account on the local system which requested the logon. This is most commonly a service such as the Server service, or a local process such as Winlogon.exe or Services.exe.    The logon type field indicates the kind of logon that occurred. The most common types are 2 (interactive) and 3 (network).    The New Logon fields indicate the account for whom the new logon was created, i.e. the account that was logged on.    The network fields indicate where a remote logon request originated. Workstation name is not always available and may be left blank in some cases.    The impersonation level field indicates the extent to which a process in the logon session can impersonate.    The authentication information fields provide detailed information about this specific logon request.  	- Logon GUID is a unique identifier that can be used to correlate this event with a KDC event.  	- Transited services indicate which intermediate services have participated in this logon request.  	- Package name indicates which sub-protocol was used among the NTLM protocols.  	- Key length indicates the length of the generated session key. This will be 0 if no session key was requested."
"6/2/2025 10:12:12 AM","Potential WinRM Lateral Movement (4624)","An account was successfully logged on.    Subject:  	Security ID:		S-1-0-0  	Account Name:		-  	Account Domain:		-  	Logon ID:		0x0    Logon Information:  	Logon Type:		3  	Restricted Admin Mode:	-  	Virtual Account:		No  	Elevated Token:		Yes    Impersonation Level:		Impersonation    New Logon:  	Security ID:		S-1-5-18  	Account Name:		DC1$  	Account Domain:		BECAUSESECURITY.PRI  	Logon ID:		0x4F5C907  	Linked Logon ID:		0x0  	Network Account Name:	-  	Network Account Domain:	-  	Logon GUID:		{8cbe555f-20f5-284b-4b95-1b2f63a167c7}    Process Information:  	Process ID:		0x0  	Process Name:		-    Network Information:  	Workstation Name:	-  	Source Network Address:	::1  	Source Port:		60422    Detailed Authentication Information:  	Logon Process:		Kerberos  	Authentication Package:	Kerberos  	Transited Services:	-  	Package Name (NTLM only):	-  	Key Length:		0    This event is generated when a logon session is created. It is generated on the computer that was accessed.    The subject fields indicate the account on the local system which requested the logon. This is most commonly a service such as the Server service, or a local process such as Winlogon.exe or Services.exe.    The logon type field indicates the kind of logon that occurred. The most common types are 2 (interactive) and 3 (network).    The New Logon fields indicate the account for whom the new logon was created, i.e. the account that was logged on.    The network fields indicate where a remote logon request originated. Workstation name is not always available and may be left blank in some cases.    The impersonation level field indicates the extent to which a process in the logon session can impersonate.    The authentication information fields provide detailed information about this specific logon request.  	- Logon GUID is a unique identifier that can be used to correlate this event with a KDC event.  	- Transited services indicate which intermediate services have participated in this logon request.  	- Package name indicates which sub-protocol was used among the NTLM protocols.  	- Key length indicates the length of the generated session key. This will be 0 if no session key was requested."
"6/2/2025 10:11:53 AM","Potential WinRM Lateral Movement (4624)","An account was successfully logged on.    Subject:  	Security ID:		S-1-0-0  	Account Name:		-  	Account Domain:		-  	Logon ID:		0x0    Logon Information:  	Logon Type:		3  	Restricted Admin Mode:	-  	Virtual Account:		No  	Elevated Token:		Yes    Impersonation Level:		Impersonation    New Logon:  	Security ID:		S-1-5-18  	Account Name:		DC1$  	Account Domain:		BECAUSESECURITY.PRI  	Logon ID:		0x4F59F70  	Linked Logon ID:		0x0  	Network Account Name:	-  	Network Account Domain:	-  	Logon GUID:		{8cbe555f-20f5-284b-4b95-1b2f63a167c7}    Process Information:  	Process ID:		0x0  	Process Name:		-    Network Information:  	Workstation Name:	-  	Source Network Address:	fdb4:ca4a:bb5f:d79b:d05:8dd0:bc99:eddc  	Source Port:		60421    Detailed Authentication Information:  	Logon Process:		Kerberos  	Authentication Package:	Kerberos  	Transited Services:	-  	Package Name (NTLM only):	-  	Key Length:		0    This event is generated when a logon session is created. It is generated on the computer that was accessed.    The subject fields indicate the account on the local system which requested the logon. This is most commonly a service such as the Server service, or a local process such as Winlogon.exe or Services.exe.    The logon type field indicates the kind of logon that occurred. The most common types are 2 (interactive) and 3 (network).    The New Logon fields indicate the account for whom the new logon was created, i.e. the account that was logged on.    The network fields indicate where a remote logon request originated. Workstation name is not always available and may be left blank in some cases.    The impersonation level field indicates the extent to which a process in the logon session can impersonate.    The authentication information fields provide detailed information about this specific logon request.  	- Logon GUID is a unique identifier that can be used to correlate this event with a KDC event.  	- Transited services indicate which intermediate services have participated in this logon request.  	- Package name indicates which sub-protocol was used among the NTLM protocols.  	- Key length indicates the length of the generated session key. This will be 0 if no session key was requested."
